Start testing: Jun 01 21:43 UTC
----------------------------------------------------------
5/19 Testing: ListaEnlazada.01_lista_enlazada_vacia
5/19 Test: ListaEnlazada.01_lista_enlazada_vacia
Command: "/workspaces/memoria_dinamica/build/lista_enlazada_test" "--gtest_filter=ListaEnlazada.01_lista_enlazada_vacia" "--gtest_also_run_disabled_tests"
Directory: /workspaces/memoria_dinamica/build
"ListaEnlazada.01_lista_enlazada_vacia" start time: Jun 01 21:43 UTC
Output:
----------------------------------------------------------
Running main() from /workspaces/memoria_dinamica/build/_deps/googletest-src/googletest/src/gtest_main.cc
Note: Google Test filter = ListaEnlazada.01_lista_enlazada_vacia
[==========] Running 1 test from 1 test suite.
[----------] Global test environment set-up.
[----------] 1 test from ListaEnlazada
[ RUN      ] ListaEnlazada.01_lista_enlazada_vacia
[       OK ] ListaEnlazada.01_lista_enlazada_vacia (0 ms)
[----------] 1 test from ListaEnlazada (0 ms total)

[----------] Global test environment tear-down
[==========] 1 test from 1 test suite ran. (0 ms total)
[  PASSED  ] 1 test.
<end of output>
Test time =   0.03 sec
----------------------------------------------------------
Test Passed.
"ListaEnlazada.01_lista_enlazada_vacia" end time: Jun 01 21:43 UTC
"ListaEnlazada.01_lista_enlazada_vacia" time elapsed: 00:00:00
----------------------------------------------------------

End testing: Jun 01 21:43 UTC
